GROUP,PACKAGE,CLASS,INSTRUCTION_MISSED,INSTRUCTION_COVERED,BRANCH_MISSED,BRANCH_COVERED,LINE_MISSED,LINE_COVERED,COMPLEXITY_MISSED,COMPLEXITY_COVERED,METHOD_MISSED,METHOD_COVERED
JDBCBank,default,Application,504,0,64,0,134,0,36,0,4,0
JDBCBank,models,userModel,0,24,0,0,0,10,0,7,0,7
JDBCBank,models,accountModel,3,28,0,0,1,12,1,8,1,8
JDBCBank,dao,accountDAO,18,132,2,4,6,39,3,5,1,4
JDBCBank,dao,userDAO,16,170,2,4,6,52,3,6,1,5
JDBCBank,bankExceptions,OverdraftException,3,0,0,0,1,0,1,0,1,0
JDBCBank,util,ConnectionUtil,3,36,0,2,2,10,1,2,1,1
